# JRE version: OpenJDK Runtime Environment (17.0.6) (build 17.0.6+0-17.0.6b802.4-9586694)
# Java VM: OpenJDK 64-Bit Server VM (17.0.6+0-17.0.6b802.4-9586694, mixed mode, tiered, compressed oops, compressed class ptrs, g1 gc, linux-amd64)
GC Precious Log:
 CPUs: 12 total, 12 available
 Memory: 15268M
 Large Page Support: Disabled
 NUMA Support: Disabled
 Compressed Oops: Enabled (32-bit)
 Heap Region Size: 1M
 Heap Min Capacity: 8M
 Heap Initial Capacity: 240M
 Heap Max Capacity: 1536M
 Pre-touch: Disabled
 Parallel Workers: 10
 Concurrent Workers: 3
 Concurrent Refinement Workers: 10
 Periodic GC: Disabled
Heap:
 garbage-first heap   total 201728K, used 140548K [0x00000000a0000000, 0x0000000100000000)
  region size 1024K, 74 young (75776K), 12 survivors (12288K)
 Metaspace       used 81515K, committed 82240K, reserved 1122304K
  class space    used 11131K, committed 11456K, reserved 1048576K
GC Heap History (20 events):
Event: 4.051 GC heap before
{Heap before GC invocations=21 (full 0):
 garbage-first heap   total 87040K, used 69471K [0x00000000a0000000, 0x0000000100000000)
  region size 1024K, 22 young (22528K), 4 survivors (4096K)
 Metaspace       used 54937K, committed 55424K, reserved 1097728K
  class space    used 7266K, committed 7488K, reserved 1048576K
}
Event: 4.053 GC heap after
{Heap after GC invocations=22 (full 0):
 garbage-first heap   total 87040K, used 52193K [0x00000000a0000000, 0x0000000100000000)
  region size 1024K, 1 young (1024K), 1 survivors (1024K)
 Metaspace       used 54937K, committed 55424K, reserved 1097728K
  class space    used 7266K, committed 7488K, reserved 1048576K
}
Event: 4.257 GC heap before
{Heap before GC invocations=23 (full 0):
 garbage-first heap   total 91136K, used 69601K [0x00000000a0000000, 0x0000000100000000)
  region size 1024K, 19 young (19456K), 1 survivors (1024K)
 Metaspace       used 57851K, committed 58368K, reserved 1105920K
  class space    used 7615K, committed 7872K, reserved 1048576K
}
Event: 4.258 GC heap after
{Heap after GC invocations=24 (full 0):
 garbage-first heap   total 91136K, used 52800K [0x00000000a0000000, 0x0000000100000000)
  region size 1024K, 2 young (2048K), 2 survivors (2048K)
 Metaspace       used 57851K, committed 58368K, reserved 1105920K
  class space    used 7615K, committed 7872K, reserved 1048576K
}
Event: 4.551 GC heap before
{Heap before GC invocations=24 (full 0):
 garbage-first heap   total 91136K, used 73280K [0x00000000a0000000, 0x0000000100000000)
  region size 1024K, 22 young (22528K), 2 survivors (2048K)
 Metaspace       used 61016K, committed 61440K, reserved 1105920K
  class space    used 8057K, committed 8256K, reserved 1048576K
}
Event: 4.562 GC heap after
{Heap after GC invocations=25 (full 0):
 garbage-first heap   total 91136K, used 54648K [0x00000000a0000000, 0x0000000100000000)
  region size 1024K, 3 young (3072K), 3 survivors (3072K)
 Metaspace       used 61016K, committed 61440K, reserved 1105920K
  class space    used 8057K, committed 8256K, reserved 1048576K
}
Event: 4.710 GC heap before
{Heap before GC invocations=26 (full 0):
 garbage-first heap   total 94208K, used 80248K [0x00000000a0000000, 0x0000000100000000)
  region size 1024K, 22 young (22528K), 3 survivors (3072K)
 Metaspace       used 61731K, committed 62272K, reserved 1105920K
  class space    used 8175K, committed 8448K, reserved 1048576K
}
Event: 4.713 GC heap after
{Heap after GC invocations=27 (full 0):
 garbage-first heap   total 94208K, used 56662K [0x00000000a0000000, 0x0000000100000000)
  region size 1024K, 3 young (3072K), 3 survivors (3072K)
 Metaspace       used 61731K, committed 62272K, reserved 1105920K
  class space    used 8175K, committed 8448K, reserved 1048576K
}
Event: 4.722 GC heap before
{Heap before GC invocations=27 (full 0):
 garbage-first heap   total 94208K, used 57686K [0x00000000a0000000, 0x0000000100000000)
  region size 1024K, 4 young (4096K), 3 survivors (3072K)
 Metaspace       used 61884K, committed 62400K, reserved 1105920K
  class space    used 8190K, committed 8448K, reserved 1048576K
}
Event: 4.727 GC heap after
{Heap after GC invocations=28 (full 0):
 garbage-first heap   total 94208K, used 56007K [0x00000000a0000000, 0x0000000100000000)
  region size 1024K, 1 young (1024K), 1 survivors (1024K)
 Metaspace       used 61884K, committed 62400K, reserved 1105920K
  class space    used 8190K, committed 8448K, reserved 1048576K
}
Event: 4.908 GC heap before
{Heap before GC invocations=28 (full 0):
 garbage-first heap   total 94208K, used 75463K [0x00000000a0000000, 0x0000000100000000)
  region size 1024K, 20 young (20480K), 1 survivors (1024K)
 Metaspace       used 63607K, committed 64128K, reserved 1105920K
  class space    used 8393K, committed 8640K, reserved 1048576K
}
Event: 4.910 GC heap after
{Heap after GC invocations=29 (full 0):
 garbage-first heap   total 201728K, used 57074K [0x00000000a0000000, 0x0000000100000000)
  region size 1024K, 2 young (2048K), 2 survivors (2048K)
 Metaspace       used 63607K, committed 64128K, reserved 1105920K
  class space    used 8393K, committed 8640K, reserved 1048576K
}
Event: 5.470 GC heap before
{Heap before GC invocations=30 (full 0):
 garbage-first heap   total 201728K, used 142066K [0x00000000a0000000, 0x0000000100000000)
  region size 1024K, 84 young (86016K), 2 survivors (2048K)
 Metaspace       used 69522K, committed 70080K, reserved 1114112K
  class space    used 9131K, committed 9408K, reserved 1048576K
}
Event: 5.474 GC heap after
{Heap after GC invocations=31 (full 0):
 garbage-first heap   total 201728K, used 64299K [0x00000000a0000000, 0x0000000100000000)
  region size 1024K, 9 young (9216K), 9 survivors (9216K)
 Metaspace       used 69522K, committed 70080K, reserved 1114112K
  class space    used 9131K, committed 9408K, reserved 1048576K
}
Event: 5.478 GC heap before
{Heap before GC invocations=31 (full 0):
 garbage-first heap   total 201728K, used 65323K [0x00000000a0000000, 0x0000000100000000)
  region size 1024K, 10 young (10240K), 9 survivors (9216K)
 Metaspace       used 69525K, committed 70080K, reserved 1114112K
  class space    used 9132K, committed 9408K, reserved 1048576K
}
Event: 5.482 GC heap after
{Heap after GC invocations=32 (full 0):
 garbage-first heap   total 201728K, used 64972K [0x00000000a0000000, 0x0000000100000000)
  region size 1024K, 2 young (2048K), 2 survivors (2048K)
 Metaspace       used 69525K, committed 70080K, reserved 1114112K
  class space    used 9132K, committed 9408K, reserved 1048576K
}
Event: 5.854 GC heap before
{Heap before GC invocations=32 (full 0):
 garbage-first heap   total 201728K, used 150988K [0x00000000a0000000, 0x0000000100000000)
  region size 1024K, 86 young (88064K), 2 survivors (2048K)
 Metaspace       used 72670K, committed 73280K, reserved 1114112K
  class space    used 9645K, committed 9920K, reserved 1048576K
}
Event: 5.856 GC heap after
{Heap after GC invocations=33 (full 0):
 garbage-first heap   total 201728K, used 69268K [0x00000000a0000000, 0x0000000100000000)
  region size 1024K, 6 young (6144K), 6 survivors (6144K)
 Metaspace       used 72670K, committed 73280K, reserved 1114112K
  class space    used 9645K, committed 9920K, reserved 1048576K
}
Event: 6.320 GC heap before
{Heap before GC invocations=33 (full 0):
 garbage-first heap   total 201728K, used 154260K [0x00000000a0000000, 0x0000000100000000)
  region size 1024K, 89 young (91136K), 6 survivors (6144K)
 Metaspace       used 79174K, committed 79808K, reserved 1122304K
  class space    used 10788K, committed 11072K, reserved 1048576K
}
Event: 6.326 GC heap after
{Heap after GC invocations=34 (full 0):
 garbage-first heap   total 201728K, used 76036K [0x00000000a0000000, 0x0000000100000000)
  region size 1024K, 12 young (12288K), 12 survivors (12288K)
 Metaspace       used 79174K, committed 79808K, reserved 1122304K
  class space    used 10788K, committed 11072K, reserved 1048576K
}

