# JRE version: OpenJDK Runtime Environment (17.0.6) (build 17.0.6+0-17.0.6b802.4-9586694)
# Java VM: OpenJDK 64-Bit Server VM (17.0.6+0-17.0.6b802.4-9586694, mixed mode, tiered, compressed oops, compressed class ptrs, g1 gc, linux-amd64)
GC Precious Log:
 CPUs: 12 total, 12 available
 Memory: 15268M
 Large Page Support: Disabled
 NUMA Support: Disabled
 Compressed Oops: Enabled (32-bit)
 Heap Region Size: 1M
 Heap Min Capacity: 8M
 Heap Initial Capacity: 240M
 Heap Max Capacity: 1536M
 Pre-touch: Disabled
 Parallel Workers: 10
 Concurrent Workers: 3
 Concurrent Refinement Workers: 10
 Periodic GC: Disabled
Heap:
 garbage-first heap   total 65536K, used 32505K [0x00000000a0000000, 0x0000000100000000)
  region size 1024K, 8 young (8192K), 3 survivors (3072K)
 Metaspace       used 41191K, committed 41536K, reserved 1089536K
  class space    used 5419K, committed 5568K, reserved 1048576K
GC Heap History (14 events):
Event: 0.427 GC heap before
{Heap before GC invocations=0 (full 0):
 garbage-first heap   total 245760K, used 28672K [0x00000000a0000000, 0x0000000100000000)
  region size 1024K, 23 young (23552K), 0 survivors (0K)
 Metaspace       used 10193K, committed 10304K, reserved 1064960K
  class space    used 1063K, committed 1088K, reserved 1048576K
}
Event: 0.431 GC heap after
{Heap after GC invocations=1 (full 0):
 garbage-first heap   total 245760K, used 9440K [0x00000000a0000000, 0x0000000100000000)
  region size 1024K, 3 young (3072K), 3 survivors (3072K)
 Metaspace       used 10193K, committed 10304K, reserved 1064960K
  class space    used 1063K, committed 1088K, reserved 1048576K
}
Event: 0.666 GC heap before
{Heap before GC invocations=1 (full 0):
 garbage-first heap   total 245760K, used 39136K [0x00000000a0000000, 0x0000000100000000)
  region size 1024K, 32 young (32768K), 3 survivors (3072K)
 Metaspace       used 12564K, committed 12800K, reserved 1064960K
  class space    used 1397K, committed 1536K, reserved 1048576K
}
Event: 0.670 GC heap after
{Heap after GC invocations=2 (full 0):
 garbage-first heap   total 245760K, used 15012K [0x00000000a0000000, 0x0000000100000000)
  region size 1024K, 4 young (4096K), 4 survivors (4096K)
 Metaspace       used 12564K, committed 12800K, reserved 1064960K
  class space    used 1397K, committed 1536K, reserved 1048576K
}
Event: 1.082 GC heap before
{Heap before GC invocations=2 (full 0):
 garbage-first heap   total 245760K, used 46756K [0x00000000a0000000, 0x0000000100000000)
  region size 1024K, 36 young (36864K), 4 survivors (4096K)
 Metaspace       used 21317K, committed 21504K, reserved 1073152K
  class space    used 2633K, committed 2752K, reserved 1048576K
}
Event: 1.085 GC heap after
{Heap after GC invocations=3 (full 0):
 garbage-first heap   total 245760K, used 17510K [0x00000000a0000000, 0x0000000100000000)
  region size 1024K, 7 young (7168K), 7 survivors (7168K)
 Metaspace       used 21317K, committed 21504K, reserved 1073152K
  class space    used 2633K, committed 2752K, reserved 1048576K
}
Event: 1.485 GC heap before
{Heap before GC invocations=4 (full 0):
 garbage-first heap   total 65536K, used 49254K [0x00000000a0000000, 0x0000000100000000)
  region size 1024K, 38 young (38912K), 7 survivors (7168K)
 Metaspace       used 26634K, committed 26944K, reserved 1073152K
  class space    used 3550K, committed 3712K, reserved 1048576K
}
Event: 1.492 GC heap after
{Heap after GC invocations=5 (full 0):
 garbage-first heap   total 65536K, used 19427K [0x00000000a0000000, 0x0000000100000000)
  region size 1024K, 2 young (2048K), 2 survivors (2048K)
 Metaspace       used 26634K, committed 26944K, reserved 1073152K
  class space    used 3550K, committed 3712K, reserved 1048576K
}
Event: 2.110 GC heap before
{Heap before GC invocations=5 (full 0):
 garbage-first heap   total 65536K, used 44003K [0x00000000a0000000, 0x0000000100000000)
  region size 1024K, 27 young (27648K), 2 survivors (2048K)
 Metaspace       used 30410K, committed 30720K, reserved 1081344K
  class space    used 4151K, committed 4288K, reserved 1048576K
}
Event: 2.111 GC heap after
{Heap after GC invocations=6 (full 0):
 garbage-first heap   total 65536K, used 20656K [0x00000000a0000000, 0x0000000100000000)
  region size 1024K, 4 young (4096K), 4 survivors (4096K)
 Metaspace       used 30410K, committed 30720K, reserved 1081344K
  class space    used 4151K, committed 4288K, reserved 1048576K
}
Event: 2.330 GC heap before
{Heap before GC invocations=6 (full 0):
 garbage-first heap   total 65536K, used 42160K [0x00000000a0000000, 0x0000000100000000)
  region size 1024K, 26 young (26624K), 4 survivors (4096K)
 Metaspace       used 35605K, committed 35968K, reserved 1081344K
  class space    used 4756K, committed 4928K, reserved 1048576K
}
Event: 2.333 GC heap after
{Heap after GC invocations=7 (full 0):
 garbage-first heap   total 65536K, used 22699K [0x00000000a0000000, 0x0000000100000000)
  region size 1024K, 4 young (4096K), 4 survivors (4096K)
 Metaspace       used 35605K, committed 35968K, reserved 1081344K
  class space    used 4756K, committed 4928K, reserved 1048576K
}
Event: 2.523 GC heap before
{Heap before GC invocations=8 (full 0):
 garbage-first heap   total 65536K, used 46251K [0x00000000a0000000, 0x0000000100000000)
  region size 1024K, 28 young (28672K), 4 survivors (4096K)
 Metaspace       used 38198K, committed 38592K, reserved 1089536K
  class space    used 5059K, committed 5248K, reserved 1048576K
}
Event: 2.528 GC heap after
{Heap after GC invocations=9 (full 0):
 garbage-first heap   total 65536K, used 26168K [0x00000000a0000000, 0x0000000100000000)
  region size 1024K, 4 young (4096K), 4 survivors (4096K)
 Metaspace       used 38198K, committed 38592K, reserved 1089536K
  class space    used 5059K, committed 5248K, reserved 1048576K
}

