# JRE version: OpenJDK Runtime Environment (17.0.6) (build 17.0.6+0-17.0.6b802.4-9586694)
# Java VM: OpenJDK 64-Bit Server VM (17.0.6+0-17.0.6b802.4-9586694, mixed mode, tiered, compressed oops, compressed class ptrs, g1 gc, linux-amd64)
GC Precious Log:
 CPUs: 12 total, 12 available
 Memory: 15268M
 Large Page Support: Disabled
 NUMA Support: Disabled
 Compressed Oops: Enabled (32-bit)
 Heap Region Size: 1M
 Heap Min Capacity: 8M
 Heap Initial Capacity: 240M
 Heap Max Capacity: 1536M
 Pre-touch: Disabled
 Parallel Workers: 10
 Concurrent Workers: 3
 Concurrent Refinement Workers: 10
 Periodic GC: Disabled
Heap:
 garbage-first heap   total 89088K, used 68608K [0x00000000a0000000, 0x0000000100000000)
  region size 1024K, 21 young (21504K), 2 survivors (2048K)
 Metaspace       used 53925K, committed 54400K, reserved 1097728K
  class space    used 7130K, committed 7360K, reserved 1048576K
GC Heap History (20 events):
Event: 2.523 GC heap after
{Heap after GC invocations=5 (full 0):
 garbage-first heap   total 61440K, used 19080K [0x00000000a0000000, 0x0000000100000000)
  region size 1024K, 5 young (5120K), 5 survivors (5120K)
 Metaspace       used 26588K, committed 26880K, reserved 1073152K
  class space    used 3545K, committed 3648K, reserved 1048576K
}
Event: 2.534 GC heap before
{Heap before GC invocations=5 (full 0):
 garbage-first heap   total 61440K, used 20104K [0x00000000a0000000, 0x0000000100000000)
  region size 1024K, 6 young (6144K), 5 survivors (5120K)
 Metaspace       used 26777K, committed 27072K, reserved 1073152K
  class space    used 3581K, committed 3712K, reserved 1048576K
}
Event: 2.535 GC heap after
{Heap after GC invocations=6 (full 0):
 garbage-first heap   total 61440K, used 19402K [0x00000000a0000000, 0x0000000100000000)
  region size 1024K, 1 young (1024K), 1 survivors (1024K)
 Metaspace       used 26777K, committed 27072K, reserved 1073152K
  class space    used 3581K, committed 3712K, reserved 1048576K
}
Event: 2.715 GC heap before
{Heap before GC invocations=6 (full 0):
 garbage-first heap   total 61440K, used 41930K [0x00000000a0000000, 0x0000000100000000)
  region size 1024K, 24 young (24576K), 1 survivors (1024K)
 Metaspace       used 30165K, committed 30464K, reserved 1081344K
  class space    used 4113K, committed 4224K, reserved 1048576K
}
Event: 2.716 GC heap after
{Heap after GC invocations=7 (full 0):
 garbage-first heap   total 61440K, used 19846K [0x00000000a0000000, 0x0000000100000000)
  region size 1024K, 2 young (2048K), 2 survivors (2048K)
 Metaspace       used 30165K, committed 30464K, reserved 1081344K
  class space    used 4113K, committed 4224K, reserved 1048576K
}
Event: 2.908 GC heap before
{Heap before GC invocations=7 (full 0):
 garbage-first heap   total 61440K, used 41350K [0x00000000a0000000, 0x0000000100000000)
  region size 1024K, 25 young (25600K), 2 survivors (2048K)
 Metaspace       used 35618K, committed 35968K, reserved 1081344K
  class space    used 4755K, committed 4928K, reserved 1048576K
}
Event: 2.910 GC heap after
{Heap after GC invocations=8 (full 0):
 garbage-first heap   total 61440K, used 21881K [0x00000000a0000000, 0x0000000100000000)
  region size 1024K, 4 young (4096K), 4 survivors (4096K)
 Metaspace       used 35618K, committed 35968K, reserved 1081344K
  class space    used 4755K, committed 4928K, reserved 1048576K
}
Event: 3.360 GC heap before
{Heap before GC invocations=9 (full 0):
 garbage-first heap   total 61440K, used 43385K [0x00000000a0000000, 0x0000000100000000)
  region size 1024K, 26 young (26624K), 4 survivors (4096K)
 Metaspace       used 38148K, committed 38528K, reserved 1089536K
  class space    used 5057K, committed 5248K, reserved 1048576K
}
Event: 3.362 GC heap after
{Heap after GC invocations=10 (full 0):
 garbage-first heap   total 61440K, used 25290K [0x00000000a0000000, 0x0000000100000000)
  region size 1024K, 4 young (4096K), 4 survivors (4096K)
 Metaspace       used 38148K, committed 38528K, reserved 1089536K
  class space    used 5057K, committed 5248K, reserved 1048576K
}
Event: 3.514 GC heap before
{Heap before GC invocations=11 (full 0):
 garbage-first heap   total 61440K, used 47818K [0x00000000a0000000, 0x0000000100000000)
  region size 1024K, 24 young (24576K), 4 survivors (4096K)
 Metaspace       used 40950K, committed 41280K, reserved 1089536K
  class space    used 5372K, committed 5504K, reserved 1048576K
}
Event: 3.516 GC heap after
{Heap after GC invocations=12 (full 0):
 garbage-first heap   total 61440K, used 26070K [0x00000000a0000000, 0x0000000100000000)
  region size 1024K, 3 young (3072K), 3 survivors (3072K)
 Metaspace       used 40950K, committed 41280K, reserved 1089536K
  class space    used 5372K, committed 5504K, reserved 1048576K
}
Event: 3.625 GC heap before
{Heap before GC invocations=12 (full 0):
 garbage-first heap   total 61440K, used 45526K [0x00000000a0000000, 0x0000000100000000)
  region size 1024K, 22 young (22528K), 3 survivors (3072K)
 Metaspace       used 42481K, committed 42816K, reserved 1089536K
  class space    used 5607K, committed 5760K, reserved 1048576K
}
Event: 3.626 GC heap after
{Heap after GC invocations=13 (full 0):
 garbage-first heap   total 89088K, used 27585K [0x00000000a0000000, 0x0000000100000000)
  region size 1024K, 2 young (2048K), 2 survivors (2048K)
 Metaspace       used 42481K, committed 42816K, reserved 1089536K
  class space    used 5607K, committed 5760K, reserved 1048576K
}
Event: 3.896 GC heap before
{Heap before GC invocations=13 (full 0):
 garbage-first heap   total 89088K, used 65473K [0x00000000a0000000, 0x0000000100000000)
  region size 1024K, 39 young (39936K), 2 survivors (2048K)
 Metaspace       used 46571K, committed 46976K, reserved 1089536K
  class space    used 6164K, committed 6336K, reserved 1048576K
}
Event: 3.897 GC heap after
{Heap after GC invocations=14 (full 0):
 garbage-first heap   total 89088K, used 30556K [0x00000000a0000000, 0x0000000100000000)
  region size 1024K, 5 young (5120K), 5 survivors (5120K)
 Metaspace       used 46571K, committed 46976K, reserved 1089536K
  class space    used 6164K, committed 6336K, reserved 1048576K
}
Event: 4.165 GC heap before
{Heap before GC invocations=14 (full 0):
 garbage-first heap   total 89088K, used 66396K [0x00000000a0000000, 0x0000000100000000)
  region size 1024K, 40 young (40960K), 5 survivors (5120K)
 Metaspace       used 49780K, committed 50240K, reserved 1097728K
  class space    used 6605K, committed 6848K, reserved 1048576K
}
Event: 4.167 GC heap after
{Heap after GC invocations=15 (full 0):
 garbage-first heap   total 89088K, used 32742K [0x00000000a0000000, 0x0000000100000000)
  region size 1024K, 3 young (3072K), 3 survivors (3072K)
 Metaspace       used 49780K, committed 50240K, reserved 1097728K
  class space    used 6605K, committed 6848K, reserved 1048576K
}
Event: 4.340 GC heap before
{Heap before GC invocations=15 (full 0):
 garbage-first heap   total 89088K, used 76774K [0x00000000a0000000, 0x0000000100000000)
  region size 1024K, 38 young (38912K), 3 survivors (3072K)
 Metaspace       used 51380K, committed 51904K, reserved 1097728K
  class space    used 6788K, committed 7040K, reserved 1048576K
}
Event: 4.344 GC heap after
{Heap after GC invocations=16 (full 0):
 garbage-first heap   total 89088K, used 49152K [0x00000000a0000000, 0x0000000100000000)
  region size 1024K, 5 young (5120K), 5 survivors (5120K)
 Metaspace       used 51380K, committed 51904K, reserved 1097728K
  class space    used 6788K, committed 7040K, reserved 1048576K
}
Event: 4.475 GC heap before
{Heap before GC invocations=16 (full 0):
 garbage-first heap   total 89088K, used 67584K [0x00000000a0000000, 0x0000000100000000)
  region size 1024K, 24 young (24576K), 5 survivors (5120K)
 Metaspace       used 53925K, committed 54400K, reserved 1097728K
  class space    used 7130K, committed 7360K, reserved 1048576K
}

